#
# A fatal error has been detected by the Java Runtime Environment:
#
#  EXCEPTION_ACCESS_VIOLATION (0xc0000005) at pc=0x0000000069f8cb07, pid=4812, tid=1420
#
# JRE version: Java(TM) SE Runtime Environment (7.0_79-b15) (build 1.7.0_79-b15)
# Java VM: Java HotSpot(TM) 64-Bit Server VM (24.79-b02 mixed mode windows-amd64 compressed oops)
# Problematic frame:
# V  [jvm.dll+0x49cb07]
#
# Failed to write core dump. Minidumps are not enabled by default on client versions of Windows
#
# If you would like to submit a bug report, please visit:
#   http://bugreport.java.com/bugreport/crash.jsp
#

---------------  T H R E A D  ---------------

Current thread (0x0000000008b57000):  JavaThread "C2 CompilerThread0" daemon [_thread_in_native, id=1420, stack(0x0000000009ce0000,0x0000000009de0000)]

siginfo: ExceptionCode=0xc0000005, reading address 0x000000000cad4ab8

Registers:
RAX=0x000000000e2cdc50, RBX=0x0000000009ddd4d0, RCX=0x000000000c3336a0, RDX=0x0000000000000000
RSP=0x0000000009ddbfb0, RBP=0x0000000000000475, RSI=0x0000000000000004, RDI=0x000000000cad4aa0
R8 =0x000000000e2fa998, R9 =0x0000000000000000, R10=0x0000000000000000, R11=0x000000000bcdcc00
R12=0x0000000000000c27, R13=0x000000000c3336a0, R14=0x0000000000000c27, R15=0x0000000000000015
RIP=0x0000000069f8cb07, EFLAGS=0x0000000000010206

Top of Stack: (sp=0x0000000009ddbfb0)
0x0000000009ddbfb0:   0000000009ddd4d0 0000000009ddf324
0x0000000009ddbfc0:   000000000c3336a0 0000000069edcb08
0x0000000009ddbfd0:   0000000009ddf324 0000000000000000
0x0000000009ddbfe0:   00000000000003c6 000000000be5dcc8
0x0000000009ddbff0:   000000000c3336a0 0000000069f8ed46
0x0000000009ddc000:   0000000000000053 0000000009ddcb60
0x0000000009ddc010:   000000000c3336a0 000000000debdc88
0x0000000009ddc020:   000000000be5dcc8 0000000009ddebf0
0x0000000009ddc030:   000000000c3336a0 0000000069f8e665
0x0000000009ddc040:   0000000000000053 00000000000003c6
0x0000000009ddc050:   0000000009ddcb60 000000000000027e
0x0000000009ddc060:   0000000000018360 000000000a7df310
0x0000000009ddc070:   0000000008b57a50 0000000069efdc52
0x0000000009ddc080:   0000000009ddc180 0000000009ddebf0
0x0000000009ddc090:   000000000a7de780 000000000a7e6768
0x0000000009ddc0a0:   0000000009ddc100 0000000069b75b97 

Instructions: (pc=0x0000000069f8cb07)
0x0000000069f8cae7:   89 64 24 30 45 33 e4 48 3b 7b 20 49 8b cd 44 0f
0x0000000069f8caf7:   44 e5 4c 89 7c 24 20 ff 10 41 8b 75 18 44 8b f8
0x0000000069f8cb07:   39 77 18 75 48 48 8b 17 48 8b cf ff 12 41 3b c7
0x0000000069f8cb17:   75 3b 33 d2 85 f6 74 24 49 8b 4d 08 4c 8b 47 08 


Register to memory mapping:

RAX=0x000000000e2cdc50 is an unknown value
RBX=0x0000000009ddd4d0 is pointing into the stack for thread: 0x0000000008b57000
RCX=0x000000000c3336a0 is an unknown value
RDX=0x0000000000000000 is an unknown value
RSP=0x0000000009ddbfb0 is pointing into the stack for thread: 0x0000000008b57000
RBP=0x0000000000000475 is an unknown value
RSI=0x0000000000000004 is an unknown value
RDI=0x000000000cad4aa0 is pointing into the stack for thread: 0x000000000c7c5000
R8 =0x000000000e2fa998 is an unknown value
R9 =0x0000000000000000 is an unknown value
R10=0x0000000000000000 is an unknown value
R11=0x000000000bcdcc00 is an unknown value
R12=0x0000000000000c27 is an unknown value
R13=0x000000000c3336a0 is an unknown value
R14=0x0000000000000c27 is an unknown value
R15=0x0000000000000015 is an unknown value


Stack: [0x0000000009ce0000,0x0000000009de0000],  sp=0x0000000009ddbfb0,  free space=1007k
Native frames: (J=compiled Java code, j=interpreted, Vv=VM code, C=native code)
V  [jvm.dll+0x49cb07]


Current CompileTask:
C2:7459691 2007   !         com.sun.tools.javac.comp.Flow::visitClassDef (827 bytes)


---------------  P R O C E S S  ---------------

Java Threads: ( => current thread )
  0x000000000c7ca800 JavaThread "Task worker Thread 3" [_thread_blocked, id=3156, stack(0x000000000d580000,0x000000000d680000)]
  0x000000000c7c9800 JavaThread "Task worker Thread 2" [_thread_blocked, id=4560, stack(0x000000000e700000,0x000000000e800000)]
  0x000000000c7c9000 JavaThread "Task worker" [_thread_in_native, id=5264, stack(0x000000000d3f0000,0x000000000d4f0000)]
  0x000000000c7c8000 JavaThread "Stdin handler" [_thread_blocked, id=2752, stack(0x000000000aae0000,0x000000000abe0000)]
  0x000000000c7c7800 JavaThread "Daemon worker Thread 6" [_thread_blocked, id=5692, stack(0x000000000ce20000,0x000000000cf20000)]
  0x000000000c7c6800 JavaThread "Cancel handler" [_thread_blocked, id=2344, stack(0x000000000d2e0000,0x000000000d3e0000)]
  0x000000000c7c6000 JavaThread "Handler for socket connection from /127.0.0.1:63739 to /127.0.0.1:53176" [_thread_in_native, id=2640, stack(0x000000000ccf0000,0x000000000cdf0000)]
  0x000000000c7c5000 JavaThread "Daemon Thread 6" [_thread_blocked, id=3748, stack(0x000000000ca80000,0x000000000cb80000)]
  0x000000000c05e800 JavaThread "File lock request listener" [_thread_in_native, id=4964, stack(0x000000000d160000,0x000000000d260000)]
  0x000000000bfa2800 JavaThread "Incoming local TCP Connector on port 63739" [_thread_in_native, id=2896, stack(0x000000000cbb0000,0x000000000ccb0000)]
  0x0000000008b6c000 JavaThread "Service Thread" daemon [_thread_blocked, id=1796, stack(0x000000000a580000,0x000000000a680000)]
  0x0000000008b6b000 JavaThread "C2 CompilerThread1" daemon [_thread_blocked, id=5012, stack(0x000000000a470000,0x000000000a570000)]
=>0x0000000008b57000 JavaThread "C2 CompilerThread0" daemon [_thread_in_native, id=1420, stack(0x0000000009ce0000,0x0000000009de0000)]
  0x0000000008b54000 JavaThread "Attach Listener" daemon [_thread_blocked, id=2736, stack(0x000000000a2a0000,0x000000000a3a0000)]
  0x0000000008b4f000 JavaThread "Signal Dispatcher" daemon [_thread_blocked, id=2304, stack(0x000000000a100000,0x000000000a200000)]
  0x0000000008af5800 JavaThread "Finalizer" daemon [_thread_blocked, id=5008, stack(0x0000000009fa0000,0x000000000a0a0000)]
  0x0000000008aee800 JavaThread "Reference Handler" daemon [_thread_blocked, id=5016, stack(0x0000000009e30000,0x0000000009f30000)]
  0x000000000224e000 JavaThread "main" [_thread_blocked, id=4736, stack(0x00000000024c0000,0x00000000025c0000)]

Other Threads:
  0x0000000008aeb000 VMThread [stack: 0x0000000009b50000,0x0000000009c50000] [id=2496]
  0x0000000008b6d800 WatcherThread [stack: 0x000000000ac50000,0x000000000ad50000] [id=3624]

VM state:not at safepoint (normal execution)

VM Mutex/Monitor currently owned by a thread: None

Heap
 PSYoungGen      total 215040K, used 158482K [0x00000000eaa80000, 0x00000000f9680000, 0x0000000100000000)
  eden space 191488K, 82% used [0x00000000eaa80000,0x00000000f4544b38,0x00000000f6580000)
  from space 23552K, 0% used [0x00000000f7d80000,0x00000000f7d80000,0x00000000f9480000)
  to   space 24576K, 0% used [0x00000000f6580000,0x00000000f6580000,0x00000000f7d80000)
 ParOldGen       total 80384K, used 40032K [0x00000000c0000000, 0x00000000c4e80000, 0x00000000eaa80000)
  object space 80384K, 49% used [0x00000000c0000000,0x00000000c27181b8,0x00000000c4e80000)
 PSPermGen       total 85504K, used 51041K [0x00000000b0000000, 0x00000000b5380000, 0x00000000c0000000)
  object space 85504K, 59% used [0x00000000b0000000,0x00000000b31d86e8,0x00000000b5380000)

Card table byte_map: [0x00000000055c0000,0x0000000005850000] byte_map_base: 0x0000000005040000

Polling page: 0x0000000000130000

Code Cache  [0x00000000025c0000, 0x0000000002d60000, 0x00000000055c0000)
 total_blobs=2498 nmethods=1855 adapters=595 free_code_cache=41455Kb largest_free_block=42358784

Compilation events (10 events):
Event: 7458.292 Thread 0x0000000008b6b000 2019             com.sun.tools.javac.code.DeferredLintHandler::flush (65 bytes)
Event: 7458.297 Thread 0x0000000008b6b000 nmethod 2019 0x0000000002d57e90 code [0x0000000002d58020, 0x0000000002d58368]
Event: 7458.297 Thread 0x0000000008b6b000 2020             com.sun.tools.javac.comp.Flow::trackable (53 bytes)
Event: 7458.298 Thread 0x0000000008b6b000 nmethod 2020 0x0000000002d39950 code [0x0000000002d39aa0, 0x0000000002d39ba8]
Event: 7458.298 Thread 0x0000000008b6b000 2021             com.sun.tools.javac.tree.TreeScanner::visitLiteral (1 bytes)
Event: 7458.298 Thread 0x0000000008b6b000 nmethod 2021 0x0000000002d3f410 code [0x0000000002d3f540, 0x0000000002d3f598]
Event: 7458.298 Thread 0x0000000008b6b000 2022             com.sun.tools.javac.jvm.Gen::checkDimension (118 bytes)
Event: 7458.306 Thread 0x0000000008b6b000 nmethod 2022 0x0000000002d568d0 code [0x0000000002d56ae0, 0x0000000002d57390]
Event: 7458.306 Thread 0x0000000008b6b000 2023             com.sun.tools.javac.jvm.ClassWriter::typeSig (44 bytes)
Event: 7458.307 Thread 0x0000000008b6b000 nmethod 2023 0x0000000002d56350 code [0x0000000002d564c0, 0x0000000002d56628]

GC Heap History (10 events):
Event: 3252.968 GC heap before
{Heap before GC invocations=30 (full 5):
 PSYoungGen      total 182784K, used 3648K [0x00000000eaa80000, 0x00000000f6b00000, 0x0000000100000000)
  eden space 168448K, 0% used [0x00000000eaa80000,0x00000000eaa80000,0x00000000f4f00000)
  from space 14336K, 25% used [0x00000000f4f00000,0x00000000f5290020,0x00000000f5d00000)
  to   space 14336K, 0% used [0x00000000f5d00000,0x00000000f5d00000,0x00000000f6b00000)
 ParOldGen       total 80384K, used 41144K [0x00000000c0000000, 0x00000000c4e80000, 0x00000000eaa80000)
  object space 80384K, 51% used [0x00000000c0000000,0x00000000c282e2d8,0x00000000c4e80000)
 PSPermGen       total 89088K, used 47563K [0x00000000b0000000, 0x00000000b5700000, 0x00000000c0000000)
  object space 89088K, 53% used [0x00000000b0000000,0x00000000b2e72fd0,0x00000000b5700000)
Event: 3253.321 GC heap after
Heap after GC invocations=30 (full 5):
 PSYoungGen      total 182784K, used 0K [0x00000000eaa80000, 0x00000000f6b00000, 0x0000000100000000)
  eden space 168448K, 0% used [0x00000000eaa80000,0x00000000eaa80000,0x00000000f4f00000)
  from space 14336K, 0% used [0x00000000f4f00000,0x00000000f4f00000,0x00000000f5d00000)
  to   space 14336K, 0% used [0x00000000f5d00000,0x00000000f5d00000,0x00000000f6b00000)
 ParOldGen       total 80384K, used 23719K [0x00000000c0000000, 0x00000000c4e80000, 0x00000000eaa80000)
  object space 80384K, 29% used [0x00000000c0000000,0x00000000c1729fc8,0x00000000c4e80000)
 PSPermGen       total 84992K, used 45867K [0x00000000b0000000, 0x00000000b5300000, 0x00000000c0000000)
  object space 84992K, 53% used [0x00000000b0000000,0x00000000b2ccaf38,0x00000000b5300000)
}
Event: 6208.229 GC heap before
{Heap before GC invocations=31 (full 5):
 PSYoungGen      total 182784K, used 168448K [0x00000000eaa80000, 0x00000000f6b00000, 0x0000000100000000)
  eden space 168448K, 100% used [0x00000000eaa80000,0x00000000f4f00000,0x00000000f4f00000)
  from space 14336K, 0% used [0x00000000f4f00000,0x00000000f4f00000,0x00000000f5d00000)
  to   space 14336K, 0% used [0x00000000f5d00000,0x00000000f5d00000,0x00000000f6b00000)
 ParOldGen       total 80384K, used 23719K [0x00000000c0000000, 0x00000000c4e80000, 0x00000000eaa80000)
  object space 80384K, 29% used [0x00000000c0000000,0x00000000c1729fc8,0x00000000c4e80000)
 PSPermGen       total 84992K, used 46294K [0x00000000b0000000, 0x00000000b5300000, 0x00000000c0000000)
  object space 84992K, 54% used [0x00000000b0000000,0x00000000b2d35bc8,0x00000000b5300000)
Event: 6208.416 GC heap after
Heap after GC invocations=31 (full 5):
 PSYoungGen      total 181248K, used 13173K [0x00000000eaa80000, 0x00000000f8280000, 0x0000000100000000)
  eden space 166912K, 0% used [0x00000000eaa80000,0x00000000eaa80000,0x00000000f4d80000)
  from space 14336K, 91% used [0x00000000f5d00000,0x00000000f69dd7d8,0x00000000f6b00000)
  to   space 15872K, 0% used [0x00000000f4d80000,0x00000000f4d80000,0x00000000f5d00000)
 ParOldGen       total 80384K, used 23719K [0x00000000c0000000, 0x00000000c4e80000, 0x00000000eaa80000)
  object space 80384K, 29% used [0x00000000c0000000,0x00000000c1729fc8,0x00000000c4e80000)
 PSPermGen       total 84992K, used 46294K [0x00000000b0000000, 0x00000000b5300000, 0x00000000c0000000)
  object space 84992K, 54% used [0x00000000b0000000,0x00000000b2d35bc8,0x00000000b5300000)
}
Event: 6214.340 GC heap before
{Heap before GC invocations=32 (full 5):
 PSYoungGen      total 181248K, used 180085K [0x00000000eaa80000, 0x00000000f8280000, 0x0000000100000000)
  eden space 166912K, 100% used [0x00000000eaa80000,0x00000000f4d80000,0x00000000f4d80000)
  from space 14336K, 91% used [0x00000000f5d00000,0x00000000f69dd7d8,0x00000000f6b00000)
  to   space 15872K, 0% used [0x00000000f4d80000,0x00000000f4d80000,0x00000000f5d00000)
 ParOldGen       total 80384K, used 23719K [0x00000000c0000000, 0x00000000c4e80000, 0x00000000eaa80000)
  object space 80384K, 29% used [0x00000000c0000000,0x00000000c1729fc8,0x00000000c4e80000)
 PSPermGen       total 84992K, used 50487K [0x00000000b0000000, 0x00000000b5300000, 0x00000000c0000000)
  object space 84992K, 59% used [0x00000000b0000000,0x00000000b314dd50,0x00000000b5300000)
Event: 6214.634 GC heap after
Heap after GC invocations=32 (full 5):
 PSYoungGen      total 182784K, used 15854K [0x00000000eaa80000, 0x00000000f9480000, 0x0000000100000000)
  eden space 166912K, 0% used [0x00000000eaa80000,0x00000000eaa80000,0x00000000f4d80000)
  from space 15872K, 99% used [0x00000000f4d80000,0x00000000f5cfb820,0x00000000f5d00000)
  to   space 23552K, 0% used [0x00000000f7d80000,0x00000000f7d80000,0x00000000f9480000)
 ParOldGen       total 80384K, used 37948K [0x00000000c0000000, 0x00000000c4e80000, 0x00000000eaa80000)
  object space 80384K, 47% used [0x00000000c0000000,0x00000000c250f2f0,0x00000000c4e80000)
 PSPermGen       total 84992K, used 50487K [0x00000000b0000000, 0x00000000b5300000, 0x00000000c0000000)
  object space 84992K, 59% used [0x00000000b0000000,0x00000000b314dd50,0x00000000b5300000)
}
Event: 6215.443 GC heap before
{Heap before GC invocations=33 (full 5):
 PSYoungGen      total 182784K, used 34960K [0x00000000eaa80000, 0x00000000f9480000, 0x0000000100000000)
  eden space 166912K, 11% used [0x00000000eaa80000,0x00000000ebd28ac8,0x00000000f4d80000)
  from space 15872K, 99% used [0x00000000f4d80000,0x00000000f5cfb820,0x00000000f5d00000)
  to   space 23552K, 0% used [0x00000000f7d80000,0x00000000f7d80000,0x00000000f9480000)
 ParOldGen       total 80384K, used 37948K [0x00000000c0000000, 0x00000000c4e80000, 0x00000000eaa80000)
  object space 80384K, 47% used [0x00000000c0000000,0x00000000c250f2f0,0x00000000c4e80000)
 PSPermGen       total 84992K, used 50693K [0x00000000b0000000, 0x00000000b5300000, 0x00000000c0000000)
  object space 84992K, 59% used [0x00000000b0000000,0x00000000b31815c8,0x00000000b5300000)
Event: 6215.475 GC heap after
Heap after GC invocations=33 (full 5):
 PSYoungGen      total 215040K, used 15432K [0x00000000eaa80000, 0x00000000f9680000, 0x0000000100000000)
  eden space 191488K, 0% used [0x00000000eaa80000,0x00000000eaa80000,0x00000000f6580000)
  from space 23552K, 65% used [0x00000000f7d80000,0x00000000f8c92348,0x00000000f9480000)
  to   space 24576K, 0% used [0x00000000f6580000,0x00000000f6580000,0x00000000f7d80000)
 ParOldGen       total 80384K, used 37948K [0x00000000c0000000, 0x00000000c4e80000, 0x00000000eaa80000)
  object space 80384K, 47% used [0x00000000c0000000,0x00000000c250f2f0,0x00000000c4e80000)
 PSPermGen       total 84992K, used 50693K [0x00000000b0000000, 0x00000000b5300000, 0x00000000c0000000)
  object space 84992K, 59% used [0x00000000b0000000,0x00000000b31815c8,0x00000000b5300000)
}
Event: 6215.475 GC heap before
{Heap before GC invocations=34 (full 6):
 PSYoungGen      total 215040K, used 15432K [0x00000000eaa80000, 0x00000000f9680000, 0x0000000100000000)
  eden space 191488K, 0% used [0x00000000eaa80000,0x00000000eaa80000,0x00000000f6580000)
  from space 23552K, 65% used [0x00000000f7d80000,0x00000000f8c92348,0x00000000f9480000)
  to   space 24576K, 0% used [0x00000000f6580000,0x00000000f6580000,0x00000000f7d80000)
 ParOldGen       total 80384K, used 37948K [0x00000000c0000000, 0x00000000c4e80000, 0x00000000eaa80000)
  object space 80384K, 47% used [0x00000000c0000000,0x00000000c250f2f0,0x00000000c4e80000)
 PSPermGen       total 84992K, used 50693K [0x00000000b0000000, 0x00000000b5300000, 0x00000000c0000000)
  object space 84992K, 59% used [0x00000000b0000000,0x00000000b31815c8,0x00000000b5300000)
Event: 6215.874 GC heap after
Heap after GC invocations=34 (full 6):
 PSYoungGen      total 215040K, used 0K [0x00000000eaa80000, 0x00000000f9680000, 0x0000000100000000)
  eden space 191488K, 0% used [0x00000000eaa80000,0x00000000eaa80000,0x00000000f6580000)
  from space 23552K, 0% used [0x00000000f7d80000,0x00000000f7d80000,0x00000000f9480000)
  to   space 24576K, 0% used [0x00000000f6580000,0x00000000f6580000,0x00000000f7d80000)
 ParOldGen       total 80384K, used 40032K [0x00000000c0000000, 0x00000000c4e80000, 0x00000000eaa80000)
  object space 80384K, 49% used [0x00000000c0000000,0x00000000c27181b8,0x00000000c4e80000)
 PSPermGen       total 85504K, used 50545K [0x00000000b0000000, 0x00000000b5380000, 0x00000000c0000000)
  object space 85504K, 59% used [0x00000000b0000000,0x00000000b315c7f8,0x00000000b5380000)
}

Deoptimization events (10 events):
Event: 7457.570 Thread 0x000000000c7c9000 Uncommon trap: reason=unreached action=reinterpret pc=0x0000000002bcc054 method=com.sun.tools.javac.tree.TreeScanner.scan(Lcom/sun/tools/javac/util/List;)V @ 1
Event: 7457.575 Thread 0x000000000c7c9000 Uncommon trap: reason=class_check action=maybe_recompile pc=0x0000000002ce322c method=com.sun.tools.javac.jvm.Items$Item.coerce(I)Lcom/sun/tools/javac/jvm/Items$Item; @ 11
Event: 7457.575 Thread 0x000000000c7c9000 Uncommon trap: reason=unreached action=reinterpret pc=0x0000000002be04c8 method=com.sun.tools.javac.jvm.Pool.put(Ljava/lang/Object;)I @ 123
Event: 7457.575 Thread 0x000000000c7c9000 Uncommon trap: reason=class_check action=maybe_recompile pc=0x0000000002ce322c method=com.sun.tools.javac.jvm.Items$Item.coerce(I)Lcom/sun/tools/javac/jvm/Items$Item; @ 11
Event: 7457.581 Thread 0x000000000c7c9000 Uncommon trap: reason=class_check action=maybe_recompile pc=0x0000000002ce322c method=com.sun.tools.javac.jvm.Items$Item.coerce(I)Lcom/sun/tools/javac/jvm/Items$Item; @ 11
Event: 7457.612 Thread 0x000000000c7c9000 Uncommon trap: reason=class_check action=maybe_recompile pc=0x0000000002cc1990 method=com.sun.tools.javac.code.Symbol.isMemberOf(Lcom/sun/tools/javac/code/Symbol$TypeSymbol;Lcom/sun/tools/javac/code/Types;)Z @ 23
Event: 7457.880 Thread 0x000000000c7c9000 Uncommon trap: reason=null_check action=make_not_entrant pc=0x0000000002d153f4 method=com.sun.tools.javac.comp.Flow.errorUncaught()V @ 7
Event: 7457.931 Thread 0x000000000c7c9000 Uncommon trap: reason=class_check action=maybe_recompile pc=0x0000000002cf5ad4 method=com.sun.tools.javac.comp.Lower.needsProtectedAccess(Lcom/sun/tools/javac/code/Symbol;Lcom/sun/tools/javac/tree/JCTree;)Z @ 31
Event: 7457.931 Thread 0x000000000c7c9000 Uncommon trap: reason=class_check action=maybe_recompile pc=0x0000000002cf5ad4 method=com.sun.tools.javac.comp.Lower.needsProtectedAccess(Lcom/sun/tools/javac/code/Symbol;Lcom/sun/tools/javac/tree/JCTree;)Z @ 31
Event: 7457.932 Thread 0x000000000c7c9000 Uncommon trap: reason=class_check action=maybe_recompile pc=0x0000000002cf5ad4 method=com.sun.tools.javac.comp.Lower.needsProtectedAccess(Lcom/sun/tools/javac/code/Symbol;Lcom/sun/tools/javac/tree/JCTree;)Z @ 31

Internal exceptions (10 events):
Event: 7455.837 Thread 0x000000000c7c9000 Threw 0x00000000f13f46f0 at C:\re\jdk7u79\2331\hotspot\src\share\vm\prims\jvm.cpp:1304
Event: 7455.837 Thread 0x000000000c7c9000 Threw 0x00000000f13f5050 at C:\re\jdk7u79\2331\hotspot\src\share\vm\prims\jvm.cpp:1304
Event: 7455.900 Thread 0x000000000c7c9000 Threw 0x00000000f13fe590 at C:\re\jdk7u79\2331\hotspot\src\share\vm\prims\jvm.cpp:1304
Event: 7455.900 Thread 0x000000000c7c9000 Threw 0x00000000f13fedd8 at C:\re\jdk7u79\2331\hotspot\src\share\vm\prims\jvm.cpp:1304
Event: 7456.969 Thread 0x000000000c7c9000 Implicit null exception at 0x0000000002c4e6fb to 0x0000000002c4ef71
Event: 7457.147 Thread 0x000000000c7c9000 Implicit null exception at 0x0000000002cb761f to 0x0000000002cb7a6d
Event: 7457.324 Thread 0x000000000c7c9000 Implicit null exception at 0x0000000002c771df to 0x0000000002c79875
Event: 7457.880 Thread 0x000000000c7c9000 Implicit null exception at 0x0000000002d12f09 to 0x0000000002d15399
Event: 7458.043 Thread 0x000000000c7c9000 Threw 0x00000000f41ed9c8 at C:\re\jdk7u79\2331\hotspot\src\share\vm\prims\jvm.cpp:1304
Event: 7458.043 Thread 0x000000000c7c9000 Threw 0x00000000f41ee228 at C:\re\jdk7u79\2331\hotspot\src\share\vm\prims\jvm.cpp:1304

Events (10 events):
Event: 7457.931 Thread 0x000000000c7c9000 DEOPT PACKING pc=0x0000000002cf5ad4 sp=0x000000000d4ec220
Event: 7457.931 Thread 0x000000000c7c9000 DEOPT UNPACKING pc=0x00000000025f9064 sp=0x000000000d4ec178 mode 2
Event: 7457.931 Thread 0x000000000c7c9000 Uncommon trap: trap_request=0xffffffde fr.pc=0x0000000002cf5ad4
Event: 7457.932 Thread 0x000000000c7c9000 DEOPT PACKING pc=0x0000000002cf5ad4 sp=0x000000000d4ebf40
Event: 7457.932 Thread 0x000000000c7c9000 DEOPT UNPACKING pc=0x00000000025f9064 sp=0x000000000d4ebe98 mode 2
Event: 7457.932 Thread 0x000000000c7c9000 Uncommon trap: trap_request=0xffffffde fr.pc=0x0000000002cf5ad4
Event: 7457.932 Thread 0x000000000c7c9000 DEOPT PACKING pc=0x0000000002cf5ad4 sp=0x000000000d4ec0f0
Event: 7457.932 Thread 0x000000000c7c9000 DEOPT UNPACKING pc=0x00000000025f9064 sp=0x000000000d4ec048 mode 2
Event: 7458.043 loading class 0x000000000b3d02b0
Event: 7458.043 loading class 0x000000000b3d02b0 done


Dynamic libraries:
0x000000013f050000 - 0x000000013f083000 	C:\Program Files\Java\jdk1.7.0_79\bin\java.exe
0x0000000076d00000 - 0x0000000076eab000 	C:\Windows\SYSTEM32\ntdll.dll
0x0000000076be0000 - 0x0000000076cff000 	C:\Windows\system32\kernel32.dll
0x000007fefcfc0000 - 0x000007fefd02b000 	C:\Windows\system32\KERNELBASE.dll
0x000007fefd6d0000 - 0x000007fefd7ab000 	C:\Windows\system32\ADVAPI32.dll
0x000007fefd550000 - 0x000007fefd5ef000 	C:\Windows\system32\msvcrt.dll
0x000007fefe880000 - 0x000007fefe89f000 	C:\Windows\SYSTEM32\sechost.dll
0x000007fefd9c0000 - 0x000007fefdaee000 	C:\Windows\system32\RPCRT4.dll
0x0000000076ae0000 - 0x0000000076bda000 	C:\Windows\system32\USER32.dll
0x000007fefd490000 - 0x000007fefd4f7000 	C:\Windows\system32\GDI32.dll
0x000007fefd6c0000 - 0x000007fefd6ce000 	C:\Windows\system32\LPK.dll
0x000007fefd5f0000 - 0x000007fefd6ba000 	C:\Windows\system32\USP10.dll
0x000007fefb560000 - 0x000007fefb754000 	C:\Windows\WinSxS\amd64_microsoft.windows.common-controls_6595b64144ccf1df_6.0.7600.16385_none_fa645303170382f6\COMCTL32.dll
0x000007fefee70000 - 0x000007fefeee1000 	C:\Windows\system32\SHLWAPI.dll
0x000007fefd0d0000 - 0x000007fefd0fe000 	C:\Windows\system32\IMM32.DLL
0x000007fefef00000 - 0x000007feff009000 	C:\Windows\system32\MSCTF.dll
0x0000000065300000 - 0x00000000653d2000 	C:\Program Files\Java\jdk1.7.0_79\jre\bin\msvcr100.dll
0x0000000069af0000 - 0x000000006a2c5000 	C:\Program Files\Java\jdk1.7.0_79\jre\bin\server\jvm.dll
0x000007fef2aa0000 - 0x000007fef2aa9000 	C:\Windows\system32\WSOCK32.dll
0x000007fefd500000 - 0x000007fefd54d000 	C:\Windows\system32\WS2_32.dll
0x000007fefeef0000 - 0x000007fefeef8000 	C:\Windows\system32\NSI.dll
0x000007fef4da0000 - 0x000007fef4ddb000 	C:\Windows\system32\WINMM.dll
0x0000000076ed0000 - 0x0000000076ed7000 	C:\Windows\system32\PSAPI.DLL
0x0000000073320000 - 0x000000007332f000 	C:\Program Files\Java\jdk1.7.0_79\jre\bin\verify.dll
0x00000000732f0000 - 0x0000000073318000 	C:\Program Files\Java\jdk1.7.0_79\jre\bin\java.dll
0x00000000732d0000 - 0x00000000732e5000 	C:\Program Files\Java\jdk1.7.0_79\jre\bin\zip.dll
0x00000000732b0000 - 0x00000000732ca000 	C:\Program Files\Java\jdk1.7.0_79\jre\bin\net.dll
0x000007fefc490000 - 0x000007fefc4e4000 	C:\Windows\system32\mswsock.dll
0x000007fefc480000 - 0x000007fefc487000 	C:\Windows\System32\wship6.dll
0x00000000729f0000 - 0x0000000072a01000 	C:\Program Files\Java\jdk1.7.0_79\jre\bin\nio.dll
0x000007fee8fc0000 - 0x000007fee8fd2000 	C:\Users\intex\.gradle\native\19\windows-amd64\native-platform.dll
0x000007fefa9a0000 - 0x000007fefa9c7000 	C:\Windows\system32\IPHLPAPI.DLL
0x000007fefa990000 - 0x000007fefa99b000 	C:\Windows\system32\WINNSI.DLL
0x000007fefa8b0000 - 0x000007fefa8c1000 	C:\Windows\system32\dhcpcsvc6.DLL
0x000007fefa890000 - 0x000007fefa8a8000 	C:\Windows\system32\dhcpcsvc.DLL
0x000007fefc4f0000 - 0x000007fefc507000 	C:\Windows\system32\CRYPTSP.dll
0x000007fefc1f0000 - 0x000007fefc237000 	C:\Windows\system32\rsaenh.dll
0x000007fefbfb0000 - 0x000007fefbfce000 	C:\Windows\system32\USERENV.dll
0x000007fefcc60000 - 0x000007fefcc6f000 	C:\Windows\system32\profapi.dll
0x000007fefcb50000 - 0x000007fefcb5f000 	C:\Windows\system32\CRYPTBASE.dll
0x000007fefcaf0000 - 0x000007fefcb47000 	C:\Windows\system32\apphelp.dll
0x00000000732a0000 - 0x00000000732ab000 	C:\Program Files\Java\jdk1.7.0_79\jre\bin\management.dll
0x000007fef71b0000 - 0x000007fef72d5000 	C:\Windows\system32\dbghelp.dll

VM Arguments:
jvm_args: -XX:MaxPermSize=256m -XX:+HeapDumpOnOutOfMemoryError -Xmx1024m -Dfile.encoding=windows-1252 -Duser.country=US -Duser.language=en -Duser.variant 
java_command: org.gradle.launcher.daemon.bootstrap.GradleDaemon 2.4 C:\Users\intex\.gradle C:\Users\intex\.gradle\daemon 10800000 cfc680f1-e9aa-4737-a74f-004c74533540 -XX:MaxPermSize=256m -XX:+HeapDumpOnOutOfMemoryError -Xmx1024m -Dfile.encoding=windows-1252 -Duser.country=US -Duser.language=en -Duser.variant
Launcher Type: SUN_STANDARD

Environment Variables:
CLASSPATH=C:\Program Files\Java\jdk1.7.0_79\bin;
PATH=C:\Windows\system32;C:\Windows;C:\Windows\System32\Wbem;C:\Windows\System32\WindowsPowerShell\v1.0\;C:\Program Files\Microsoft\Web Platform Installer\;C:\Program Files (x86)\Microsoft ASP.NET\ASP.NET Web Pages\v1.0\;C:\Program Files\Java\jdk1.7.0_79\bin\;D:\softwares\adt-bundle-windows-x86_64-20140702\adt-bundle-windows-x86_64-20140702\sdk\tools\;D:\softwares\adt-bundle-windows-x86_64-20140702\adt-bundle-windows-x86_64-20140702\sdk\platform-tools\;C:\Program Files (x86)\Skype\Phone\;C:\Users\intex\AppData\Local\Android\sdk\platform-tools;C:\Program Files (x86)\Common Files\lenovo\easyplussdk\bin
USERNAME=intex
OS=Windows_NT
PROCESSOR_IDENTIFIER=Intel64 Family 6 Model 58 Stepping 9, GenuineIntel



---------------  S Y S T E M  ---------------

OS: Windows 7 , 64 bit Build 7600 

CPU:total 4 (2 cores per cpu, 2 threads per core) family 6 model 58 stepping 9, cmov, cx8, fxsr, mmx, sse, sse2, sse3, ssse3, sse4.1, sse4.2, popcnt, erms, ht, tsc, tscinvbit, tscinv

Memory: 4k page, physical 4085276k(474068k free), swap 8168656k(2431712k free)

vm_info: Java HotSpot(TM) 64-Bit Server VM (24.79-b02) for windows-amd64 JRE (1.7.0_79-b15), built on Apr 10 2015 12:36:16 by "java_re" with unknown MS VC++:1600

time: Tue Dec 01 12:25:17 2015
elapsed time: 7458 seconds

