#
# A fatal error has been detected by the Java Runtime Environment:
#
#  EXCEPTION_ACCESS_VIOLATION (0xc0000005) at pc=0x00000000693cc09b, pid=5196, tid=5388
#
# JRE version: Java(TM) SE Runtime Environment (7.0_79-b15) (build 1.7.0_79-b15)
# Java VM: Java HotSpot(TM) 64-Bit Server VM (24.79-b02 mixed mode windows-amd64 compressed oops)
# Problematic frame:
# V  [jvm.dll+0x49c09b]
#
# Failed to write core dump. Minidumps are not enabled by default on client versions of Windows
#
# If you would like to submit a bug report, please visit:
#   http://bugreport.java.com/bugreport/crash.jsp
#

---------------  T H R E A D  ---------------

Current thread (0x0000000008443800):  JavaThread "C2 CompilerThread0" daemon [_thread_in_native, id=5388, stack(0x0000000009d40000,0x0000000009e40000)]

siginfo: ExceptionCode=0xc0000005, reading address 0xffffffffffffffff

Registers:
RAX=0x6369746174530006, RBX=0x0000000009e3d590, RCX=0x00000000021bd5f8, RDX=0x00000000021bd5f8
RSP=0x0000000009e3c010, RBP=0x0000000000010000, RSI=0x000000000000050e, RDI=0x00000000021bd5f8
R8 =0x00000000000003bf, R9 =0x0000000000000af1, R10=0x0000000000001fff, R11=0x000000000b0cbd20
R12=0x0000000000001000, R13=0x000000000af9c768, R14=0x0000000000000337, R15=0x0000000000000015
RIP=0x00000000693cc09b, EFLAGS=0x0000000000010202

Top of Stack: (sp=0x0000000009e3c010)
0x0000000009e3c010:   0000000009e3d590 000000000000053f
0x0000000009e3c020:   0000000000000000 00000000693eca8d
0x0000000009e3c030:   0000000009e3d590 00000000693cc48c
0x0000000009e3c040:   000000000af69048 000000000000050e
0x0000000009e3c050:   0000000009e3ee20 00000000693eb8cb
0x0000000009e3c060:   0000000000000337 00000000693ccb9e
0x0000000009e3c070:   0000000009e3d590 000000000000066e
0x0000000009e3c080:   0000000000000004 0000000000000000
0x0000000009e3c090:   0000000000000000 0000000000000000
0x0000000009e3c0a0:   00000000000000b3 000000000afa2948
0x0000000009e3c0b0:   000000000af9c768 00000000693ced46
0x0000000009e3c0c0:   00000000000000b2 0000000009e3cc20
0x0000000009e3c0d0:   000000000af9c768 000000000af9cec8
0x0000000009e3c0e0:   000000000afa2948 0000000009e3ecb0
0x0000000009e3c0f0:   000000000af9c768 00000000693ce665
0x0000000009e3c100:   00000000000000b2 00000000000000b3 

Instructions: (pc=0x00000000693cc09b)
0x00000000693cc07b:   cc cc cc cc cc 48 89 5c 24 08 48 89 74 24 10 57
0x00000000693cc08b:   48 83 ec 20 48 8b 02 48 8b d9 48 8b ca 48 8b fa
0x00000000693cc09b:   ff 50 60 8b f0 85 c0 74 54 ff 43 0c 44 8b 43 0c
0x00000000693cc0ab:   44 3b 43 10 75 08 48 8b cb e8 f7 02 00 00 44 8b 


Register to memory mapping:

RAX=0x6369746174530006 is an unknown value
RBX=0x0000000009e3d590 is pointing into the stack for thread: 0x0000000008443800
RCX=0x00000000021bd5f8 is an unknown value
RDX=0x00000000021bd5f8 is an unknown value
RSP=0x0000000009e3c010 is pointing into the stack for thread: 0x0000000008443800
RBP=0x0000000000010000 is an unknown value
RSI=0x000000000000050e is an unknown value
RDI=0x00000000021bd5f8 is an unknown value
R8 =0x00000000000003bf is an unknown value
R9 =0x0000000000000af1 is an unknown value
R10=0x0000000000001fff is an unknown value
R11=0x000000000b0cbd20 is an unknown value
R12=0x0000000000001000 is an unknown value
R13=0x000000000af9c768 is an unknown value
R14=0x0000000000000337 is an unknown value
R15=0x0000000000000015 is an unknown value


Stack: [0x0000000009d40000,0x0000000009e40000],  sp=0x0000000009e3c010,  free space=1008k
Native frames: (J=compiled Java code, j=interpreted, Vv=VM code, C=native code)
V  [jvm.dll+0x49c09b]


Current CompileTask:
C2:   1479  152             com.android.dx.ssa.SsaConverter::placePhiFunctions (394 bytes)


---------------  P R O C E S S  ---------------

Java Threads: ( => current thread )
  0x000000000a1d1000 JavaThread "pool-1-thread-4" [_thread_blocked, id=5868, stack(0x000000000aac0000,0x000000000abc0000)]
  0x000000000a1d0800 JavaThread "pool-1-thread-3" [_thread_blocked, id=5072, stack(0x000000000ad50000,0x000000000ae50000)]
  0x000000000a1ce800 JavaThread "pool-1-thread-2" [_thread_blocked, id=6080, stack(0x000000000abc0000,0x000000000acc0000)]
  0x000000000a285800 JavaThread "pool-2-thread-1" [_thread_blocked, id=5124, stack(0x000000000a9a0000,0x000000000aaa0000)]
  0x000000000a287000 JavaThread "pool-1-thread-1" [_thread_blocked, id=4580, stack(0x0000000009ad0000,0x0000000009bd0000)]
  0x000000000844e800 JavaThread "Service Thread" daemon [_thread_blocked, id=5204, stack(0x0000000009f60000,0x000000000a060000)]
  0x0000000008446000 JavaThread "C2 CompilerThread1" daemon [_thread_in_native, id=3852, stack(0x0000000009e40000,0x0000000009f40000)]
=>0x0000000008443800 JavaThread "C2 CompilerThread0" daemon [_thread_in_native, id=5388, stack(0x0000000009d40000,0x0000000009e40000)]
  0x0000000008440800 JavaThread "Attach Listener" daemon [_thread_blocked, id=5240, stack(0x0000000009c10000,0x0000000009d10000)]
  0x000000000843b800 JavaThread "Signal Dispatcher" daemon [_thread_blocked, id=5256, stack(0x00000000099d0000,0x0000000009ad0000)]
  0x00000000083e0000 JavaThread "Finalizer" daemon [_thread_blocked, id=5648, stack(0x0000000009850000,0x0000000009950000)]
  0x00000000083de800 JavaThread "Reference Handler" daemon [_thread_blocked, id=3564, stack(0x0000000009640000,0x0000000009740000)]
  0x000000000228e000 JavaThread "main" [_thread_in_vm, id=5956, stack(0x0000000002510000,0x0000000002610000)]

Other Threads:
  0x00000000083db000 VMThread [stack: 0x0000000009470000,0x0000000009570000] [id=5932]
  0x000000000845c800 WatcherThread [stack: 0x0000000009750000,0x0000000009850000] [id=4960]

VM state:not at safepoint (normal execution)

VM Mutex/Monitor currently owned by a thread:  ([mutex/lock_event])
[0x000000000228cd50] MethodData_lock - owner thread: 0x000000000228e000

Heap
 PSYoungGen      total 18944K, used 11381K [0x00000000eaa80000, 0x00000000ecf80000, 0x0000000100000000)
  eden space 16384K, 54% used [0x00000000eaa80000,0x00000000eb324638,0x00000000eba80000)
  from space 2560K, 98% used [0x00000000eba80000,0x00000000ebcf91a8,0x00000000ebd00000)
  to   space 2560K, 0% used [0x00000000ecd00000,0x00000000ecd00000,0x00000000ecf80000)
 ParOldGen       total 42496K, used 2154K [0x00000000c0000000, 0x00000000c2980000, 0x00000000eaa80000)
  object space 42496K, 5% used [0x00000000c0000000,0x00000000c021a9c8,0x00000000c2980000)
 PSPermGen       total 21504K, used 5688K [0x00000000bae00000, 0x00000000bc300000, 0x00000000c0000000)
  object space 21504K, 26% used [0x00000000bae00000,0x00000000bb38e350,0x00000000bc300000)

Card table byte_map: [0x0000000005610000,0x0000000005840000] byte_map_base: 0x0000000005039000

Polling page: 0x0000000000330000

Code Cache  [0x0000000002610000, 0x0000000002880000, 0x0000000005610000)
 total_blobs=399 nmethods=163 adapters=189 free_code_cache=48493Kb largest_free_block=49631680

Compilation events (10 events):
Event: 1.387 Thread 0x0000000008443800 nmethod 151 0x00000000026a8010 code [0x00000000026a8140, 0x00000000026a8198]
Event: 1.387 Thread 0x0000000008443800  152             com.android.dx.ssa.SsaConverter::placePhiFunctions (394 bytes)
Event: 1.406 Thread 0x0000000008446000 nmethod 148 0x00000000026b3950 code [0x00000000026b3b60, 0x00000000026b4c60]
Event: 1.406 Thread 0x0000000008446000  153             com.android.dx.util.MutabilityControl::throwIfMutable (18 bytes)
Event: 1.407 Thread 0x0000000008446000 nmethod 153 0x00000000026b17d0 code [0x00000000026b1900, 0x00000000026b1958]
Event: 1.407 Thread 0x0000000008446000  154             com.android.dx.ssa.NormalSsaInsn::hasSideEffect (76 bytes)
Event: 1.409 Thread 0x0000000008446000 nmethod 154 0x00000000026b12d0 code [0x00000000026b1420, 0x00000000026b1578]
Event: 1.409 Thread 0x0000000008446000  155             com.android.dx.rop.code.Insn::<init> (69 bytes)
Event: 1.410 Thread 0x0000000008446000 nmethod 155 0x00000000026b0fd0 code [0x00000000026b1100, 0x00000000026b11f8]
Event: 1.410 Thread 0x0000000008446000  156             com.android.dx.ssa.NormalSsaInsn::mapSourceRegisters (48 bytes)

GC Heap History (2 events):
Event: 1.241 GC heap before
{Heap before GC invocations=1 (full 0):
 PSYoungGen      total 18944K, used 16384K [0x00000000eaa80000, 0x00000000ebf80000, 0x0000000100000000)
  eden space 16384K, 100% used [0x00000000eaa80000,0x00000000eba80000,0x00000000eba80000)
  from space 2560K, 0% used [0x00000000ebd00000,0x00000000ebd00000,0x00000000ebf80000)
  to   space 2560K, 0% used [0x00000000eba80000,0x00000000eba80000,0x00000000ebd00000)
 ParOldGen       total 42496K, used 0K [0x00000000c0000000, 0x00000000c2980000, 0x00000000eaa80000)
  object space 42496K, 0% used [0x00000000c0000000,0x00000000c0000000,0x00000000c2980000)
 PSPermGen       total 21504K, used 5595K [0x00000000bae00000, 0x00000000bc300000, 0x00000000c0000000)
  object space 21504K, 26% used [0x00000000bae00000,0x00000000bb376eb8,0x00000000bc300000)
Event: 1.305 GC heap after
Heap after GC invocations=1 (full 0):
 PSYoungGen      total 18944K, used 2532K [0x00000000eaa80000, 0x00000000ecf80000, 0x0000000100000000)
  eden space 16384K, 0% used [0x00000000eaa80000,0x00000000eaa80000,0x00000000eba80000)
  from space 2560K, 98% used [0x00000000eba80000,0x00000000ebcf91a8,0x00000000ebd00000)
  to   space 2560K, 0% used [0x00000000ecd00000,0x00000000ecd00000,0x00000000ecf80000)
 ParOldGen       total 42496K, used 2154K [0x00000000c0000000, 0x00000000c2980000, 0x00000000eaa80000)
  object space 42496K, 5% used [0x00000000c0000000,0x00000000c021a9c8,0x00000000c2980000)
 PSPermGen       total 21504K, used 5595K [0x00000000bae00000, 0x00000000bc300000, 0x00000000c0000000)
  object space 21504K, 26% used [0x00000000bae00000,0x00000000bb376eb8,0x00000000bc300000)
}

Deoptimization events (1 events):
Event: 1.077 Thread 0x000000000a1d1000 Uncommon trap: reason=null_check action=make_not_entrant pc=0x0000000002688cd8 method=com.android.dx.rop.code.LocalItem.equals(Ljava/lang/Object;)Z @ 1

Internal exceptions (10 events):
Event: 0.972 Thread 0x000000000a1d1000 Threw 0x00000000eb01d698 at C:\re\jdk7u79\2331\hotspot\src\share\vm\prims\jvm.cpp:1304
Event: 0.972 Thread 0x000000000a1d1000 Threw 0x00000000eb022ee8 at C:\re\jdk7u79\2331\hotspot\src\share\vm\prims\jvm.cpp:1304
Event: 0.973 Thread 0x000000000a1d1000 Threw 0x00000000eb0284b0 at C:\re\jdk7u79\2331\hotspot\src\share\vm\prims\jvm.cpp:1304
Event: 0.974 Thread 0x000000000a1d1000 Threw 0x00000000eb02e490 at C:\re\jdk7u79\2331\hotspot\src\share\vm\prims\jvm.cpp:1304
Event: 1.044 Thread 0x000000000228e000 Threw 0x00000000eb539a68 at C:\re\jdk7u79\2331\hotspot\src\share\vm\prims\jvm.cpp:1304
Event: 1.044 Thread 0x000000000228e000 Threw 0x00000000eb53bf18 at C:\re\jdk7u79\2331\hotspot\src\share\vm\prims\jvm.cpp:1304
Event: 1.058 Thread 0x000000000228e000 Threw 0x00000000eb5828a8 at C:\re\jdk7u79\2331\hotspot\src\share\vm\prims\jvm.cpp:1304
Event: 1.064 Thread 0x000000000228e000 Threw 0x00000000eb5a02f8 at C:\re\jdk7u79\2331\hotspot\src\share\vm\prims\jvm.cpp:1304
Event: 1.077 Thread 0x000000000a1d1000 Implicit null exception at 0x000000000268895d to 0x0000000002688cb5
Event: 1.194 Thread 0x000000000a1d0800 Threw 0x00000000eb992518 at C:\re\jdk7u79\2331\hotspot\src\share\vm\prims\jvm.cpp:1304

Events (10 events):
Event: 1.066 loading class 0x00000000021cf740 done
Event: 1.077 Thread 0x000000000a1d1000 Uncommon trap: trap_request=0xfffffff4 fr.pc=0x0000000002688cd8
Event: 1.077 Thread 0x000000000a1d1000 DEOPT PACKING pc=0x0000000002688cd8 sp=0x000000000abbe630
Event: 1.077 Thread 0x000000000a1d1000 DEOPT UNPACKING pc=0x0000000002649064 sp=0x000000000abbe570 mode 2
Event: 1.138 loading class 0x00000000021ce8c0
Event: 1.138 loading class 0x00000000021ce8c0 done
Event: 1.194 loading class 0x000000000a1d2050
Event: 1.194 loading class 0x000000000a1d2050 done
Event: 1.223 Executing VM operation: ParallelGCFailedAllocation
Event: 1.305 Executing VM operation: ParallelGCFailedAllocation done


Dynamic libraries:
0x000000013fa90000 - 0x000000013fac3000 	C:\Program Files\Java\jdk1.7.0_79\bin\java.exe
0x0000000077800000 - 0x00000000779ab000 	C:\Windows\SYSTEM32\ntdll.dll
0x00000000775e0000 - 0x00000000776ff000 	C:\Windows\system32\kernel32.dll
0x000007fefda80000 - 0x000007fefdaeb000 	C:\Windows\system32\KERNELBASE.dll
0x000007fefe920000 - 0x000007fefe9fb000 	C:\Windows\system32\ADVAPI32.dll
0x000007fefdd10000 - 0x000007fefddaf000 	C:\Windows\system32\msvcrt.dll
0x000007fefddb0000 - 0x000007fefddcf000 	C:\Windows\SYSTEM32\sechost.dll
0x000007fefe7f0000 - 0x000007fefe91e000 	C:\Windows\system32\RPCRT4.dll
0x0000000077700000 - 0x00000000777fa000 	C:\Windows\system32\USER32.dll
0x000007fefe700000 - 0x000007fefe767000 	C:\Windows\system32\GDI32.dll
0x000007feff9f0000 - 0x000007feff9fe000 	C:\Windows\system32\LPK.dll
0x000007fefe320000 - 0x000007fefe3ea000 	C:\Windows\system32\USP10.dll
0x000007fefbfb0000 - 0x000007fefc1a4000 	C:\Windows\WinSxS\amd64_microsoft.windows.common-controls_6595b64144ccf1df_6.0.7600.16385_none_fa645303170382f6\COMCTL32.dll
0x000007fefe550000 - 0x000007fefe5c1000 	C:\Windows\system32\SHLWAPI.dll
0x000007fefdff0000 - 0x000007fefe01e000 	C:\Windows\system32\IMM32.DLL
0x000007feffa00000 - 0x000007feffb09000 	C:\Windows\system32\MSCTF.dll
0x000000006bac0000 - 0x000000006bb92000 	C:\Program Files\Java\jdk1.7.0_79\jre\bin\msvcr100.dll
0x0000000068f30000 - 0x0000000069705000 	C:\Program Files\Java\jdk1.7.0_79\jre\bin\server\jvm.dll
0x000007fef54f0000 - 0x000007fef54f9000 	C:\Windows\system32\WSOCK32.dll
0x000007fefe410000 - 0x000007fefe45d000 	C:\Windows\system32\WS2_32.dll
0x000007fefe540000 - 0x000007fefe548000 	C:\Windows\system32\NSI.dll
0x000007fef7940000 - 0x000007fef797b000 	C:\Windows\system32\WINMM.dll
0x00000000779d0000 - 0x00000000779d7000 	C:\Windows\system32\PSAPI.DLL
0x000000006bfb0000 - 0x000000006bfbf000 	C:\Program Files\Java\jdk1.7.0_79\jre\bin\verify.dll
0x000000006bf80000 - 0x000000006bfa8000 	C:\Program Files\Java\jdk1.7.0_79\jre\bin\java.dll
0x000000006bf60000 - 0x000000006bf75000 	C:\Program Files\Java\jdk1.7.0_79\jre\bin\zip.dll
0x000000006bf40000 - 0x000000006bf5a000 	C:\Program Files\Java\jdk1.7.0_79\jre\bin\net.dll
0x000007fefcf90000 - 0x000007fefcfe4000 	C:\Windows\system32\mswsock.dll
0x000007fefcf80000 - 0x000007fefcf87000 	C:\Windows\System32\wship6.dll
0x000000006bf20000 - 0x000000006bf31000 	C:\Program Files\Java\jdk1.7.0_79\jre\bin\nio.dll
0x000007fef5d00000 - 0x000007fef5e25000 	C:\Windows\system32\dbghelp.dll

VM Arguments:
jvm_args: -Xmx1024M -Dfile.encoding=windows-1252 -Duser.country=US -Duser.language=en -Duser.variant 
java_command: com.android.dx.command.Main --dex --num-threads=4 --output F:\Android_Studio_Applications\ShineCity\app\build\intermediates\pre-dexed\debug\classes-6bf3bb0e0e9695fc449aa978b1665792e6256588.jar F:\Android_Studio_Applications\ShineCity\app\build\intermediates\exploded-aar\com.android.support\support-v4\23.0.0\jars\classes.jar
Launcher Type: SUN_STANDARD

Environment Variables:
JAVA_HOME=C:\Program Files\Java\jdk1.7.0_79
CLASSPATH=C:\Program Files\Java\jdk1.7.0_79\bin;
PATH=C:\Windows\system32;C:\Windows;C:\Windows\System32\Wbem;C:\Windows\System32\WindowsPowerShell\v1.0\;C:\Program Files\Microsoft\Web Platform Installer\;C:\Program Files (x86)\Microsoft ASP.NET\ASP.NET Web Pages\v1.0\;C:\Program Files\Java\jdk1.7.0_79\bin\;D:\softwares\adt-bundle-windows-x86_64-20140702\adt-bundle-windows-x86_64-20140702\sdk\tools\;D:\softwares\adt-bundle-windows-x86_64-20140702\adt-bundle-windows-x86_64-20140702\sdk\platform-tools\;C:\Program Files (x86)\Skype\Phone\;C:\Users\intex\AppData\Local\Android\sdk\platform-tools;C:\Program Files (x86)\Common Files\lenovo\easyplussdk\bin
USERNAME=intex
OS=Windows_NT
PROCESSOR_IDENTIFIER=Intel64 Family 6 Model 58 Stepping 9, GenuineIntel



---------------  S Y S T E M  ---------------

OS: Windows 7 , 64 bit Build 7600 

CPU:total 4 (2 cores per cpu, 2 threads per core) family 6 model 58 stepping 9, cmov, cx8, fxsr, mmx, sse, sse2, sse3, ssse3, sse4.1, sse4.2, popcnt, erms, ht, tsc, tscinvbit, tscinv

Memory: 4k page, physical 4085276k(222288k free), swap 8168656k(2304608k free)

vm_info: Java HotSpot(TM) 64-Bit Server VM (24.79-b02) for windows-amd64 JRE (1.7.0_79-b15), built on Apr 10 2015 12:36:16 by "java_re" with unknown MS VC++:1600

time: Sun Dec 06 12:16:33 2015
elapsed time: 1 seconds

