#
# A fatal error has been detected by the Java Runtime Environment:
#
#  EXCEPTION_ACCESS_VIOLATION (0xc0000005) at pc=0x0000000069368837, pid=2828, tid=5600
#
# JRE version: Java(TM) SE Runtime Environment (7.0_79-b15) (build 1.7.0_79-b15)
# Java VM: Java HotSpot(TM) 64-Bit Server VM (24.79-b02 mixed mode windows-amd64 compressed oops)
# Problematic frame:
# V  [jvm.dll+0x438837]
#
# Failed to write core dump. Minidumps are not enabled by default on client versions of Windows
#
# If you would like to submit a bug report, please visit:
#   http://bugreport.java.com/bugreport/crash.jsp
#

---------------  T H R E A D  ---------------

Current thread (0x0000000008557800):  JavaThread "C2 CompilerThread0" daemon [_thread_in_native, id=5600, stack(0x0000000009dc0000,0x0000000009ec0000)]

siginfo: ExceptionCode=0xc0000005, reading address 0x0000000049690568

Registers:
RAX=0x0000000000000000, RBX=0x0000000009ebc3a0, RCX=0x000000000cbc07c0, RDX=0x000000000b77e970
RSP=0x0000000009ebc220, RBP=0x0000000009ebeb30, RSI=0x0000000000000002, RDI=0x0000000000000010
R8 =0x0000000000000068, R9 =0x0000000000000020, R10=0x000000000000000d, R11=0x0000000009ebc230
R12=0x0000000049690568, R13=0x000000000b77e970, R14=0x0000000069690568, R15=0x0000000000000000
RIP=0x0000000069368837, EFLAGS=0x0000000000010246

Top of Stack: (sp=0x0000000009ebc220)
0x0000000009ebc220:   0000000009ebc3a0 000000006939af1a
0x0000000009ebc230:   0000000000000000 000000000b553078
0x0000000009ebc240:   000000000b9d1fd0 000000000b552858
0x0000000009ebc250:   0000000000000012 0000000069364b7c
0x0000000009ebc260:   0000000009ebc360 0000000009ebc830
0x0000000009ebc270:   000000000bd343b0 0000000000000026
0x0000000009ebc280:   0000001200000000 0000001100000001
0x0000000009ebc290:   0000000000000000 000000000b552c28
0x0000000009ebc2a0:   00000026ffffffff 0000000005155455
0x0000000009ebc2b0:   0000000000000000 0000000000000000
0x0000000009ebc2c0:   0000000000000000 0000000000000000
0x0000000009ebc2d0:   0000000500000000 0303030300000008
0x0000000009ebc2e0:   000000000cbbdbe0 0000000000000011
0x0000000009ebc2f0:   000000000c7931d8 0000000000000011
0x0000000009ebc300:   0000000009ebc3a0 0000000000000001
0x0000000009ebc310:   000000000000009d ffffffff3f3fffff 

Instructions: (pc=0x0000000069368837)
0x0000000069368817:   8d 88 07 00 00 48 8b 01 48 89 85 88 07 00 00 33
0x0000000069368827:   c0 48 89 01 48 89 41 08 48 89 41 10 48 89 41 18
0x0000000069368837:   41 8b 04 24 89 01 41 8b 44 24 04 89 41 04 41 8b
0x0000000069368847:   44 24 08 89 41 08 41 8b 44 24 0c 89 41 0c 41 8b 


Register to memory mapping:

RAX=0x0000000000000000 is an unknown value
RBX=0x0000000009ebc3a0 is pointing into the stack for thread: 0x0000000008557800
RCX=0x000000000cbc07c0 is an unknown value
RDX=0x000000000b77e970 is an unknown value
RSP=0x0000000009ebc220 is pointing into the stack for thread: 0x0000000008557800
RBP=0x0000000009ebeb30 is pointing into the stack for thread: 0x0000000008557800
RSI=0x0000000000000002 is an unknown value
RDI=0x0000000000000010 is an unknown value
R8 =0x0000000000000068 is an unknown value
R9 =0x0000000000000020 is an unknown value
R10=0x000000000000000d is an unknown value
R11=0x0000000009ebc230 is pointing into the stack for thread: 0x0000000008557800
R12=0x0000000049690568 is an unknown value
R13=0x000000000b77e970 is an unknown value
R14=0x0000000069690568 is an unknown value
R15=0x0000000000000000 is an unknown value


Stack: [0x0000000009dc0000,0x0000000009ec0000],  sp=0x0000000009ebc220,  free space=1008k
Native frames: (J=compiled Java code, j=interpreted, Vv=VM code, C=native code)
V  [jvm.dll+0x438837]


Current CompileTask:
C2:   6951  271             com.android.dx.ssa.SsaMethod::forEachBlockDepthFirstDom (128 bytes)


---------------  P R O C E S S  ---------------

Java Threads: ( => current thread )
  0x000000000a3b7800 JavaThread "pool-1-thread-4" [_thread_in_Java, id=5604, stack(0x000000000b300000,0x000000000b400000)]
  0x000000000a3ba000 JavaThread "pool-1-thread-3" [_thread_blocked, id=5296, stack(0x000000000b170000,0x000000000b270000)]
  0x000000000a2d3000 JavaThread "pool-1-thread-2" [_thread_in_vm, id=5384, stack(0x000000000af50000,0x000000000b050000)]
  0x000000000a2d2800 JavaThread "pool-2-thread-1" [_thread_blocked, id=3164, stack(0x000000000ad40000,0x000000000ae40000)]
  0x000000000a2d0800 JavaThread "pool-1-thread-1" [_thread_blocked, id=5416, stack(0x000000000aa40000,0x000000000ab40000)]
  0x000000000856b800 JavaThread "Service Thread" daemon [_thread_blocked, id=5292, stack(0x000000000a0c0000,0x000000000a1c0000)]
  0x000000000856a800 JavaThread "C2 CompilerThread1" daemon [_thread_blocked, id=5396, stack(0x0000000009f70000,0x000000000a070000)]
=>0x0000000008557800 JavaThread "C2 CompilerThread0" daemon [_thread_in_native, id=5600, stack(0x0000000009dc0000,0x0000000009ec0000)]
  0x0000000008554800 JavaThread "Attach Listener" daemon [_thread_blocked, id=4216, stack(0x0000000009be0000,0x0000000009ce0000)]
  0x000000000854f000 JavaThread "Signal Dispatcher" daemon [_thread_blocked, id=1988, stack(0x0000000009a40000,0x0000000009b40000)]
  0x00000000084f5800 JavaThread "Finalizer" daemon [_thread_blocked, id=4464, stack(0x00000000098b0000,0x00000000099b0000)]
  0x00000000084ee800 JavaThread "Reference Handler" daemon [_thread_blocked, id=5468, stack(0x00000000095a0000,0x00000000096a0000)]
  0x000000000011e000 JavaThread "main" [_thread_blocked, id=5788, stack(0x00000000024b0000,0x00000000025b0000)]

Other Threads:
  0x00000000084eb000 VMThread [stack: 0x00000000096e0000,0x00000000097e0000] [id=5444]
  0x000000000856d000 WatcherThread [stack: 0x000000000a620000,0x000000000a720000] [id=5276]

VM state:not at safepoint (normal execution)

VM Mutex/Monitor currently owned by a thread: None

Heap
 PSYoungGen      total 35328K, used 25339K [0x00000000eaa80000, 0x00000000ecf80000, 0x0000000100000000)
  eden space 32768K, 69% used [0x00000000eaa80000,0x00000000ec0c31a0,0x00000000eca80000)
  from space 2560K, 99% used [0x00000000ecd00000,0x00000000ecf7be10,0x00000000ecf80000)
  to   space 2560K, 0% used [0x00000000eca80000,0x00000000eca80000,0x00000000ecd00000)
 ParOldGen       total 42496K, used 4809K [0x00000000c0000000, 0x00000000c2980000, 0x00000000eaa80000)
  object space 42496K, 11% used [0x00000000c0000000,0x00000000c04b27d0,0x00000000c2980000)
 PSPermGen       total 21504K, used 5786K [0x00000000bae00000, 0x00000000bc300000, 0x00000000c0000000)
  object space 21504K, 26% used [0x00000000bae00000,0x00000000bb3a6908,0x00000000bc300000)

Card table byte_map: [0x00000000055b0000,0x00000000057e0000] byte_map_base: 0x0000000004fd9000

Polling page: 0x0000000000150000

Code Cache  [0x00000000025b0000, 0x0000000002820000, 0x00000000055b0000)
 total_blobs=534 nmethods=298 adapters=189 free_code_cache=47826Kb largest_free_block=48945920

Compilation events (10 events):
Event: 6.782 Thread 0x000000000856a800 nmethod 294 0x00000000026e7c50 code [0x00000000026e7d80, 0x00000000026e7dd8]
Event: 6.782 Thread 0x000000000856a800  295             com.android.dx.rop.code.RegisterSpecSet::intersect (117 bytes)
Event: 6.790 Thread 0x000000000856a800 nmethod 295 0x00000000026ec410 code [0x00000000026ec5a0, 0x00000000026ecd38]
Event: 6.790 Thread 0x000000000856a800  296             com.android.dx.rop.code.RegisterSpecSet::equals (106 bytes)
Event: 6.798 Thread 0x000000000856a800 nmethod 296 0x00000000026fa2d0 code [0x00000000026fa420, 0x00000000026fa7f8]
Event: 6.798 Thread 0x000000000856a800  297             com.android.dx.ssa.SsaBasicBlock::getDomChildren (5 bytes)
Event: 6.798 Thread 0x000000000856a800 nmethod 297 0x00000000026fa010 code [0x00000000026fa140, 0x00000000026fa198]
Event: 6.798 Thread 0x000000000856a800  298             com.android.dx.ssa.SsaRenamer$BlockRenamer::processResultReg (56 bytes)
Event: 6.800 Thread 0x000000000856a800 nmethod 298 0x00000000026ebfd0 code [0x00000000026ec120, 0x00000000026ec258]
Event: 6.800 Thread 0x000000000856a800  299             com.android.dx.ssa.SsaRenamer$BlockRenamer::process (191 bytes)

GC Heap History (4 events):
Event: 1.031 GC heap before
{Heap before GC invocations=1 (full 0):
 PSYoungGen      total 18944K, used 16384K [0x00000000eaa80000, 0x00000000ebf80000, 0x0000000100000000)
  eden space 16384K, 100% used [0x00000000eaa80000,0x00000000eba80000,0x00000000eba80000)
  from space 2560K, 0% used [0x00000000ebd00000,0x00000000ebd00000,0x00000000ebf80000)
  to   space 2560K, 0% used [0x00000000eba80000,0x00000000eba80000,0x00000000ebd00000)
 ParOldGen       total 42496K, used 0K [0x00000000c0000000, 0x00000000c2980000, 0x00000000eaa80000)
  object space 42496K, 0% used [0x00000000c0000000,0x00000000c0000000,0x00000000c2980000)
 PSPermGen       total 21504K, used 5577K [0x00000000bae00000, 0x00000000bc300000, 0x00000000c0000000)
  object space 21504K, 25% used [0x00000000bae00000,0x00000000bb3726d8,0x00000000bc300000)
Event: 1.653 GC heap after
Heap after GC invocations=1 (full 0):
 PSYoungGen      total 18944K, used 2559K [0x00000000eaa80000, 0x00000000ecf80000, 0x0000000100000000)
  eden space 16384K, 0% used [0x00000000eaa80000,0x00000000eaa80000,0x00000000eba80000)
  from space 2560K, 99% used [0x00000000eba80000,0x00000000ebcffe10,0x00000000ebd00000)
  to   space 2560K, 0% used [0x00000000ecd00000,0x00000000ecd00000,0x00000000ecf80000)
 ParOldGen       total 42496K, used 1922K [0x00000000c0000000, 0x00000000c2980000, 0x00000000eaa80000)
  object space 42496K, 4% used [0x00000000c0000000,0x00000000c01e09d8,0x00000000c2980000)
 PSPermGen       total 21504K, used 5577K [0x00000000bae00000, 0x00000000bc300000, 0x00000000c0000000)
  object space 21504K, 25% used [0x00000000bae00000,0x00000000bb3726d8,0x00000000bc300000)
}
Event: 1.952 GC heap before
{Heap before GC invocations=2 (full 0):
 PSYoungGen      total 18944K, used 18943K [0x00000000eaa80000, 0x00000000ecf80000, 0x0000000100000000)
  eden space 16384K, 100% used [0x00000000eaa80000,0x00000000eba80000,0x00000000eba80000)
  from space 2560K, 99% used [0x00000000eba80000,0x00000000ebcffe10,0x00000000ebd00000)
  to   space 2560K, 0% used [0x00000000ecd00000,0x00000000ecd00000,0x00000000ecf80000)
 ParOldGen       total 42496K, used 1922K [0x00000000c0000000, 0x00000000c2980000, 0x00000000eaa80000)
  object space 42496K, 4% used [0x00000000c0000000,0x00000000c01e09d8,0x00000000c2980000)
 PSPermGen       total 21504K, used 5731K [0x00000000bae00000, 0x00000000bc300000, 0x00000000c0000000)
  object space 21504K, 26% used [0x00000000bae00000,0x00000000bb398f78,0x00000000bc300000)
Event: 3.660 GC heap after
Heap after GC invocations=2 (full 0):
 PSYoungGen      total 35328K, used 2543K [0x00000000eaa80000, 0x00000000ecf80000, 0x0000000100000000)
  eden space 32768K, 0% used [0x00000000eaa80000,0x00000000eaa80000,0x00000000eca80000)
  from space 2560K, 99% used [0x00000000ecd00000,0x00000000ecf7be10,0x00000000ecf80000)
  to   space 2560K, 0% used [0x00000000eca80000,0x00000000eca80000,0x00000000ecd00000)
 ParOldGen       total 42496K, used 4809K [0x00000000c0000000, 0x00000000c2980000, 0x00000000eaa80000)
  object space 42496K, 11% used [0x00000000c0000000,0x00000000c04b27d0,0x00000000c2980000)
 PSPermGen       total 21504K, used 5731K [0x00000000bae00000, 0x00000000bc300000, 0x00000000c0000000)
  object space 21504K, 26% used [0x00000000bae00000,0x00000000bb398f78,0x00000000bc300000)
}

Deoptimization events (8 events):
Event: 0.892 Thread 0x000000000011e000 Uncommon trap: reason=null_check action=make_not_entrant pc=0x0000000002629734 method=com.android.dx.rop.code.LocalItem.equals(Ljava/lang/Object;)Z @ 1
Event: 0.984 Thread 0x000000000011e000 Uncommon trap: reason=class_check action=maybe_recompile pc=0x000000000261f498 method=com.android.dx.ssa.NormalSsaInsn.accept(Lcom/android/dx/ssa/SsaInsn$Visitor;)V @ 9
Event: 0.984 Thread 0x000000000011e000 Uncommon trap: reason=class_check action=maybe_recompile pc=0x000000000261f498 method=com.android.dx.ssa.NormalSsaInsn.accept(Lcom/android/dx/ssa/SsaInsn$Visitor;)V @ 9
Event: 0.994 Thread 0x000000000a2d3000 Uncommon trap: reason=class_check action=maybe_recompile pc=0x000000000261f498 method=com.android.dx.ssa.NormalSsaInsn.accept(Lcom/android/dx/ssa/SsaInsn$Visitor;)V @ 9
Event: 0.994 Thread 0x000000000a2d3000 Uncommon trap: reason=class_check action=maybe_recompile pc=0x000000000261f498 method=com.android.dx.ssa.NormalSsaInsn.accept(Lcom/android/dx/ssa/SsaInsn$Visitor;)V @ 9
Event: 1.688 Thread 0x000000000a3b7800 Uncommon trap: reason=class_check action=maybe_recompile pc=0x000000000263fbfc method=com.android.dx.ssa.NormalSsaInsn.accept(Lcom/android/dx/ssa/SsaInsn$Visitor;)V @ 9
Event: 3.806 Thread 0x000000000a2d3000 Uncommon trap: reason=unreached action=reinterpret pc=0x00000000026718ec method=com.android.dx.ssa.LocalVariableExtractor.processBlock(I)V @ 251
Event: 3.864 Thread 0x000000000a2d3000 Uncommon trap: reason=null_check action=make_not_entrant pc=0x000000000266c3e8 method=com.android.dx.ssa.SsaRenamer.getLocalForNewReg(I)Lcom/android/dx/rop/code/LocalItem; @ 19

Internal exceptions (10 events):
Event: 0.646 Thread 0x000000000011e000 Threw 0x00000000eb0ebce0 at C:\re\jdk7u79\2331\hotspot\src\share\vm\prims\jvm.cpp:1304
Event: 0.663 Thread 0x000000000a3ba000 Threw 0x00000000eb23b1d8 at C:\re\jdk7u79\2331\hotspot\src\share\vm\prims\jvm.cpp:1304
Event: 0.693 Thread 0x000000000011e000 Threw 0x00000000eb4b13a0 at C:\re\jdk7u79\2331\hotspot\src\share\vm\prims\jvm.cpp:1304
Event: 0.861 Thread 0x000000000a2d3000 Threw 0x00000000eb5f2c28 at C:\re\jdk7u79\2331\hotspot\src\share\vm\prims\jvm.cpp:1304
Event: 0.892 Thread 0x000000000011e000 Implicit null exception at 0x00000000026293db to 0x0000000002629721
Event: 1.878 Thread 0x000000000011e000 Threw 0x00000000eb6d93f0 at C:\re\jdk7u79\2331\hotspot\src\share\vm\prims\jvm.cpp:1304
Event: 1.880 Thread 0x000000000011e000 Threw 0x00000000eb6e3338 at C:\re\jdk7u79\2331\hotspot\src\share\vm\prims\jvm.cpp:1304
Event: 1.880 Thread 0x000000000011e000 Threw 0x00000000eb6e5780 at C:\re\jdk7u79\2331\hotspot\src\share\vm\prims\jvm.cpp:1304
Event: 3.811 Thread 0x000000000a2d3000 Threw 0x00000000eae4f6b8 at C:\re\jdk7u79\2331\hotspot\src\share\vm\prims\jvm.cpp:1304
Event: 3.864 Thread 0x000000000a2d3000 Implicit null exception at 0x000000000266b118 to 0x000000000266c3b9

Events (10 events):
Event: 3.806 Thread 0x000000000a2d3000 Uncommon trap: trap_request=0xffffffad fr.pc=0x00000000026718ec
Event: 3.806 Thread 0x000000000a2d3000 DEOPT PACKING pc=0x00000000026718ec sp=0x000000000b04eae0
Event: 3.806 Thread 0x000000000a2d3000 DEOPT UNPACKING pc=0x00000000025e9064 sp=0x000000000b04ea60 mode 2
Event: 3.811 loading class 0x000000000a344dd0
Event: 3.811 loading class 0x000000000a344dd0 done
Event: 3.864 Thread 0x000000000a2d3000 Uncommon trap: trap_request=0xfffffff4 fr.pc=0x000000000266c3e8
Event: 3.865 Thread 0x000000000a2d3000 DEOPT PACKING pc=0x000000000266c3e8 sp=0x000000000b04ea40
Event: 3.865 Thread 0x000000000a2d3000 DEOPT UNPACKING pc=0x00000000025e9064 sp=0x000000000b04e7d8 mode 2
Event: 4.243 Executing VM operation: EnableBiasedLocking
Event: 5.839 Executing VM operation: EnableBiasedLocking done


Dynamic libraries:
0x000000013fa90000 - 0x000000013fac3000 	C:\Program Files\Java\jdk1.7.0_79\bin\java.exe
0x0000000077800000 - 0x00000000779ab000 	C:\Windows\SYSTEM32\ntdll.dll
0x00000000775e0000 - 0x00000000776ff000 	C:\Windows\system32\kernel32.dll
0x000007fefda80000 - 0x000007fefdaeb000 	C:\Windows\system32\KERNELBASE.dll
0x000007fefe920000 - 0x000007fefe9fb000 	C:\Windows\system32\ADVAPI32.dll
0x000007fefdd10000 - 0x000007fefddaf000 	C:\Windows\system32\msvcrt.dll
0x000007fefddb0000 - 0x000007fefddcf000 	C:\Windows\SYSTEM32\sechost.dll
0x000007fefe7f0000 - 0x000007fefe91e000 	C:\Windows\system32\RPCRT4.dll
0x0000000077700000 - 0x00000000777fa000 	C:\Windows\system32\USER32.dll
0x000007fefe700000 - 0x000007fefe767000 	C:\Windows\system32\GDI32.dll
0x000007feff9f0000 - 0x000007feff9fe000 	C:\Windows\system32\LPK.dll
0x000007fefe320000 - 0x000007fefe3ea000 	C:\Windows\system32\USP10.dll
0x000007fefbfb0000 - 0x000007fefc1a4000 	C:\Windows\WinSxS\amd64_microsoft.windows.common-controls_6595b64144ccf1df_6.0.7600.16385_none_fa645303170382f6\COMCTL32.dll
0x000007fefe550000 - 0x000007fefe5c1000 	C:\Windows\system32\SHLWAPI.dll
0x000007fefdff0000 - 0x000007fefe01e000 	C:\Windows\system32\IMM32.DLL
0x000007feffa00000 - 0x000007feffb09000 	C:\Windows\system32\MSCTF.dll
0x000000006bac0000 - 0x000000006bb92000 	C:\Program Files\Java\jdk1.7.0_79\jre\bin\msvcr100.dll
0x0000000068f30000 - 0x0000000069705000 	C:\Program Files\Java\jdk1.7.0_79\jre\bin\server\jvm.dll
0x000007fef54f0000 - 0x000007fef54f9000 	C:\Windows\system32\WSOCK32.dll
0x000007fefe410000 - 0x000007fefe45d000 	C:\Windows\system32\WS2_32.dll
0x000007fefe540000 - 0x000007fefe548000 	C:\Windows\system32\NSI.dll
0x000007fef7940000 - 0x000007fef797b000 	C:\Windows\system32\WINMM.dll
0x00000000779d0000 - 0x00000000779d7000 	C:\Windows\system32\PSAPI.DLL
0x000000006bfb0000 - 0x000000006bfbf000 	C:\Program Files\Java\jdk1.7.0_79\jre\bin\verify.dll
0x000000006bf80000 - 0x000000006bfa8000 	C:\Program Files\Java\jdk1.7.0_79\jre\bin\java.dll
0x000000006bf60000 - 0x000000006bf75000 	C:\Program Files\Java\jdk1.7.0_79\jre\bin\zip.dll
0x000000006bf40000 - 0x000000006bf5a000 	C:\Program Files\Java\jdk1.7.0_79\jre\bin\net.dll
0x000007fefcf90000 - 0x000007fefcfe4000 	C:\Windows\system32\mswsock.dll
0x000007fefcf80000 - 0x000007fefcf87000 	C:\Windows\System32\wship6.dll
0x000000006bf20000 - 0x000000006bf31000 	C:\Program Files\Java\jdk1.7.0_79\jre\bin\nio.dll
0x000007fef5d00000 - 0x000007fef5e25000 	C:\Windows\system32\dbghelp.dll

VM Arguments:
jvm_args: -Xmx1024M -Dfile.encoding=windows-1252 -Duser.country=US -Duser.language=en -Duser.variant 
java_command: com.android.dx.command.Main --dex --num-threads=4 --output F:\Android_Studio_Applications\ShineCity\app\build\intermediates\pre-dexed\debug\android-async-http-1.4.8-a5d30da8b5f3c39a77876ef760f6375301adc618.jar F:\Android_Studio_Applications\ShineCity\app\libs\android-async-http-1.4.8.jar
Launcher Type: SUN_STANDARD

Environment Variables:
JAVA_HOME=C:\Program Files\Java\jdk1.7.0_79
CLASSPATH=C:\Program Files\Java\jdk1.7.0_79\bin;
PATH=C:\Windows\system32;C:\Windows;C:\Windows\System32\Wbem;C:\Windows\System32\WindowsPowerShell\v1.0\;C:\Program Files\Microsoft\Web Platform Installer\;C:\Program Files (x86)\Microsoft ASP.NET\ASP.NET Web Pages\v1.0\;C:\Program Files\Java\jdk1.7.0_79\bin\;D:\softwares\adt-bundle-windows-x86_64-20140702\adt-bundle-windows-x86_64-20140702\sdk\tools\;D:\softwares\adt-bundle-windows-x86_64-20140702\adt-bundle-windows-x86_64-20140702\sdk\platform-tools\;C:\Program Files (x86)\Skype\Phone\;C:\Users\intex\AppData\Local\Android\sdk\platform-tools;C:\Program Files (x86)\Common Files\lenovo\easyplussdk\bin
USERNAME=intex
OS=Windows_NT
PROCESSOR_IDENTIFIER=Intel64 Family 6 Model 58 Stepping 9, GenuineIntel



---------------  S Y S T E M  ---------------

OS: Windows 7 , 64 bit Build 7600 

CPU:total 4 (2 cores per cpu, 2 threads per core) family 6 model 58 stepping 9, cmov, cx8, fxsr, mmx, sse, sse2, sse3, ssse3, sse4.1, sse4.2, popcnt, erms, ht, tsc, tscinvbit, tscinv

Memory: 4k page, physical 4085276k(96376k free), swap 8168656k(2043184k free)

vm_info: Java HotSpot(TM) 64-Bit Server VM (24.79-b02) for windows-amd64 JRE (1.7.0_79-b15), built on Apr 10 2015 12:36:16 by "java_re" with unknown MS VC++:1600

time: Sun Dec 06 12:16:27 2015
elapsed time: 6 seconds

